Using pre-set license
Built from '2022.3/staging' branch; Version is '2022.3.17f1 (4fc78088f837) revision 5228416'; Using compiler version '192829333'; Build Type 'Release'
OS: 'Windows 11  (10.0.22631) 64bit Core' Language: 'en' Physical Memory: 16155 MB
BatchMode: 1, IsHumanControllingUs: 0, StartBugReporterOnCrash: 0, Is64bit: 1, IsPro: 1

COMMAND LINE ARGUMENTS:
C:\Program Files\Unity\Hub\Editor\2022.3.17f1\Editor\Unity.exe
-adb2
-batchMode
-noUpm
-name
AssetImportWorker3
-projectPath
C:/My Files/Study Conestoga/Sem_02/GameStudio_01/Group gAME/GitSetup/EscapeRoom/Escape Room Group Project
-logFile
Logs/AssetImportWorker3.log
-srvPort
61481
Successfully changed project path to: C:/My Files/Study Conestoga/Sem_02/GameStudio_01/Group gAME/GitSetup/EscapeRoom/Escape Room Group Project
C:/My Files/Study Conestoga/Sem_02/GameStudio_01/Group gAME/GitSetup/EscapeRoom/Escape Room Group Project
[UnityMemory] Configuration Parameters - Can be set up in boot.config
    "memorysetup-bucket-allocator-granularity=16"
    "memorysetup-bucket-allocator-bucket-count=8"
    "memorysetup-bucket-allocator-block-size=33554432"
    "memorysetup-bucket-allocator-block-count=8"
    "memorysetup-main-allocator-block-size=16777216"
    "memorysetup-thread-allocator-block-size=16777216"
    "memorysetup-gfx-main-allocator-block-size=16777216"
    "memorysetup-gfx-thread-allocator-block-size=16777216"
    "memorysetup-cache-allocator-block-size=4194304"
    "memorysetup-typetree-allocator-block-size=2097152"
    "memorysetup-profiler-bucket-allocator-granularity=16"
    "memorysetup-profiler-bucket-allocator-bucket-count=8"
    "memorysetup-profiler-bucket-allocator-block-size=33554432"
    "memorysetup-profiler-bucket-allocator-block-count=8"
    "memorysetup-profiler-allocator-block-size=16777216"
    "memorysetup-profiler-editor-allocator-block-size=1048576"
    "memorysetup-temp-allocator-size-main=16777216"
    "memorysetup-job-temp-allocator-block-size=2097152"
    "memorysetup-job-temp-allocator-block-size-background=1048576"
    "memorysetup-job-temp-allocator-reduction-small-platforms=262144"
    "memorysetup-allocator-temp-initial-block-size-main=262144"
    "memorysetup-allocator-temp-initial-block-size-worker=262144"
    "memorysetup-temp-allocator-size-background-worker=32768"
    "memorysetup-temp-allocator-size-job-worker=262144"
    "memorysetup-temp-allocator-size-preload-manager=33554432"
    "memorysetup-temp-allocator-size-nav-mesh-worker=65536"
    "memorysetup-temp-allocator-size-audio-worker=65536"
    "memorysetup-temp-allocator-size-cloud-worker=32768"
    "memorysetup-temp-allocator-size-gi-baking-worker=262144"
    "memorysetup-temp-allocator-size-gfx=262144"
Player connection [39588] Host "[IP] 10.0.0.91 [Port] 0 [Flags] 2 [Guid] 2951590796 [EditorId] 2951590796 [Version] 1048832 [Id] WindowsEditor(7,MSI) [Debug] 1 [PackageName] WindowsEditor [ProjectName] Editor" joined multi-casting on [225.0.0.222:54997]...

Player connection [39588] Host "[IP] 10.0.0.91 [Port] 0 [Flags] 2 [Guid] 2951590796 [EditorId] 2951590796 [Version] 1048832 [Id] WindowsEditor(7,MSI) [Debug] 1 [PackageName] WindowsEditor [ProjectName] Editor" joined alternative multi-casting on [225.0.0.222:34997]...

[Physics::Module] Initialized MultithreadedJobDispatcher with 15 workers.
Refreshing native plugins compatible for Editor in 1542.80 ms, found 4 plugins.
Preloading 0 native plugins for Editor in 0.00 ms.
Initialize engine version: 2022.3.17f1 (4fc78088f837)
[Subsystems] Discovering subsystems at path C:/Program Files/Unity/Hub/Editor/2022.3.17f1/Editor/Data/Resources/UnitySubsystems
[Subsystems] Discovering subsystems at path C:/My Files/Study Conestoga/Sem_02/GameStudio_01/Group gAME/GitSetup/EscapeRoom/Escape Room Group Project/Assets
GfxDevice: creating device client; threaded=0; jobified=0
Direct3D:
    Version:  Direct3D 11.0 [level 11.1]
    Renderer: NVIDIA GeForce RTX 4070 Laptop GPU (ID=0x2820)
    Vendor:   NVIDIA
    VRAM:     7948 MB
    Driver:   31.0.15.5212
Initialize mono
Mono path[0] = 'C:/Program Files/Unity/Hub/Editor/2022.3.17f1/Editor/Data/Managed'
Mono path[1] = 'C:/Program Files/Unity/Hub/Editor/2022.3.17f1/Editor/Data/MonoBleedingEdge/lib/mono/unityjit-win32'
Mono config path = 'C:/Program Files/Unity/Hub/Editor/2022.3.17f1/Editor/Data/MonoBleedingEdge/etc'
Using monoOptions --debugger-agent=transport=dt_socket,embedding=1,server=y,suspend=n,address=127.0.0.1:56260
Begin MonoManager ReloadAssembly
Registering precompiled unity dll's ...
Register platform support module: C:/Program Files/Unity/Hub/Editor/2022.3.17f1/Editor/Data/PlaybackEngines/AndroidPlayer/UnityEditor.Android.Extensions.dll
Register platform support module: C:/Program Files/Unity/Hub/Editor/2022.3.17f1/Editor/Data/PlaybackEngines/iOSSupport/UnityEditor.iOS.Extensions.dll
Register platform support module: C:/Program Files/Unity/Hub/Editor/2022.3.17f1/Editor/Data/PlaybackEngines/WindowsStandaloneSupport/UnityEditor.WindowsStandalone.Extensions.dll
Register platform support module: C:/Program Files/Unity/Hub/Editor/2022.3.17f1/Editor/Data/PlaybackEngines/MetroSupport/UnityEditor.UWP.Extensions.dll
Registered in 0.447094 seconds.
- Loaded All Assemblies, in  6.691 seconds
Native extension for UWP target not found
Native extension for WindowsStandalone target not found
[usbmuxd] Start listen thread
[usbmuxd] Listen thread started
[usbmuxd] Send listen message
Native extension for iOS target not found
Native extension for Android target not found
Android Extension - Scanning For ADB Devices 279 ms
Mono: successfully reloaded assembly
- Finished resetting the current domain, in  0.871 seconds
Domain Reload Profiling: 7561ms
	BeginReloadAssembly (5318ms)
		ExecutionOrderSort (0ms)
		DisableScriptedObjects (0ms)
		BackupInstance (0ms)
		ReleaseScriptingObjects (0ms)
		CreateAndSetChildDomain (1ms)
	RebuildCommonClasses (35ms)
	RebuildNativeTypeToScriptingClass (8ms)
	initialDomainReloadingComplete (495ms)
	LoadAllAssembliesAndSetupDomain (832ms)
		LoadAssemblies (5317ms)
		RebuildTransferFunctionScriptingTraits (0ms)
		AnalyzeDomain (829ms)
			TypeCache.Refresh (828ms)
				TypeCache.ScanAssembly (814ms)
			ScanForSourceGeneratedMonoScriptInfo (0ms)
			ResolveRequiredComponents (1ms)
	FinalizeReload (872ms)
		ReleaseScriptCaches (0ms)
		RebuildScriptCaches (0ms)
		SetupLoadedEditorAssemblies (823ms)
			LogAssemblyErrors (0ms)
			InitializePlatformSupportModulesInManaged (669ms)
			SetLoadedEditorAssemblies (3ms)
			RefreshPlugins (0ms)
			BeforeProcessingInitializeOnLoad (2ms)
			ProcessInitializeOnLoadAttributes (103ms)
			ProcessInitializeOnLoadMethodAttributes (46ms)
			AfterProcessingInitializeOnLoad (0ms)
			EditorAssembliesLoaded (0ms)
		ExecutionOrderSort2 (0ms)
		AwakeInstancesAfterBackupRestoration (0ms)
========================================================================
Worker process is ready to serve import requests
Begin MonoManager ReloadAssembly
- Loaded All Assemblies, in  7.072 seconds
Refreshing native plugins compatible for Editor in 3.40 ms, found 4 plugins.
Native extension for UWP target not found
Native extension for WindowsStandalone target not found
Native extension for iOS target not found
Native extension for Android target not found
Package Manager log level set to [2]
[Package Manager] Server::EnsureServerProcessIsRunning -- launch failed, reason: Unity was launched with the -noUpm command-line argument
[Package Manager] UpmClient::Send -- Unable to send message (not connected to UPM process).
[Package Manager] Cannot connect to Unity Package Manager local server
Mono: successfully reloaded assembly
- Finished resetting the current domain, in  0.526 seconds
Domain Reload Profiling: 7590ms
	BeginReloadAssembly (119ms)
		ExecutionOrderSort (0ms)
		DisableScriptedObjects (4ms)
		BackupInstance (0ms)
		ReleaseScriptingObjects (0ms)
		CreateAndSetChildDomain (21ms)
	RebuildCommonClasses (27ms)
	RebuildNativeTypeToScriptingClass (8ms)
	initialDomainReloadingComplete (37ms)
	LoadAllAssembliesAndSetupDomain (6872ms)
		LoadAssemblies (6668ms)
		RebuildTransferFunctionScriptingTraits (0ms)
		AnalyzeDomain (273ms)
			TypeCache.Refresh (247ms)
				TypeCache.ScanAssembly (192ms)
			ScanForSourceGeneratedMonoScriptInfo (17ms)
			ResolveRequiredComponents (7ms)
	FinalizeReload (527ms)
		ReleaseScriptCaches (0ms)
		RebuildScriptCaches (0ms)
		SetupLoadedEditorAssemblies (397ms)
			LogAssemblyErrors (0ms)
			InitializePlatformSupportModulesInManaged (25ms)
			SetLoadedEditorAssemblies (3ms)
			RefreshPlugins (0ms)
			BeforeProcessingInitializeOnLoad (54ms)
			ProcessInitializeOnLoadAttributes (262ms)
			ProcessInitializeOnLoadMethodAttributes (48ms)
			AfterProcessingInitializeOnLoad (5ms)
			EditorAssembliesLoaded (0ms)
		ExecutionOrderSort2 (0ms)
		AwakeInstancesAfterBackupRestoration (5ms)
Launched and connected shader compiler UnityShaderCompiler.exe after 0.04 seconds
Refreshing native plugins compatible for Editor in 4.14 ms, found 4 plugins.
Preloading 0 native plugins for Editor in 0.00 ms.
Unloading 5593 Unused Serialized files (Serialized files now loaded: 0)
Unloading 75 unused Assets / (355.9 KB). Loaded Objects now: 6062.
Memory consumption went from 297.5 MB to 297.2 MB.
Total: 3.098500 ms (FindLiveObjects: 0.317000 ms CreateObjectMapping: 0.176300 ms MarkObjects: 2.402300 ms  DeleteObjects: 0.201600 ms)

AssetImportParameters requested are different than current active one (requested -> active):
  custom:container-demuxer-ogg: 62fdf1f143b41e24485cea50d1cbac27 -> 
  custom:video-codec-MediaFoundation-h265: 746d11721c4dcdbdad8f713fa42b33f4 -> 
  custom:video-decoder-ogg-theora: a1e56fd34408186e4bbccfd4996cb3dc -> 
  custom:framework-win-MediaFoundation: 216162199b28c13a410421893ffa2e32 -> 
  custom:CustomObjectIndexerAttribute: 62b5816608c3102f162a1797e29626cf -> 
  custom:container-demuxer-webm: 4f35f7cbe854078d1ac9338744f61a02 -> 
  custom:container-muxer-webm: aa71ff27fc2769a1b78a27578f13a17b -> 
  custom:video-decoder-webm-vp8: 9c59270c3fd7afecdb556c50c9e8de78 -> 
  custom:SearchIndexIgnoredProperties: e643bd26f0fe6173181afceb89e7c659 -> 
  custom:AudioImporter_EditorPlatform: d09bf68614088b80899f8185d706f6e7 -> 
  custom:video-encoder-webm-vp8: eb34c28f22e8b96e1ab97ce403110664 -> 
  custom:audio-decoder-ogg-vorbis: bf7c407c2cedff20999df2af8eb42d56 -> 
  custom:audio-encoder-webm-vorbis: bf7c407c2cedff20999df2af8eb42d56 -> 
========================================================================
Received Import Request.
  Time since last request: 405212.260472 seconds.
  path: Assets/Texture/Cieling/Celing 1_SlopeMat_MetallicSmoothness.1001.png
  artifactKey: Guid(498893f3ab65c2a4bb599a7e88aed459) Importer(815301076,1909f56bfc062723c751e8b465ee728b)
Start importing Assets/Texture/Cieling/Celing 1_SlopeMat_MetallicSmoothness.1001.png using Guid(498893f3ab65c2a4bb599a7e88aed459) Importer(815301076,1909f56bfc062723c751e8b465ee728b)  -> (artifact id: '76186182572093dc39e579e6a063f30d') in 0.316161 seconds
Number of updated asset objects reloaded before import = 0
Number of asset objects unloaded after import = 2
========================================================================
Received Import Request.
  Time since last request: 18.400339 seconds.
  path: Assets/Texture/Cieling/Celing 1_Floor_mat_AlbedoTransparency.1001.png
  artifactKey: Guid(80a0bb2e7e3834d439b76f83278262d6) Importer(815301076,1909f56bfc062723c751e8b465ee728b)
Start importing Assets/Texture/Cieling/Celing 1_Floor_mat_AlbedoTransparency.1001.png using Guid(80a0bb2e7e3834d439b76f83278262d6) Importer(815301076,1909f56bfc062723c751e8b465ee728b)  -> (artifact id: '0a9a2e5db6594479a31953176e71f338') in 0.046416 seconds
Number of updated asset objects reloaded before import = 0
Number of asset objects unloaded after import = 2
========================================================================
Received Import Request.
  Time since last request: 0.000021 seconds.
  path: Assets/Texture/Cieling/Celing 1_Floor_mat_Normal.1001.png
  artifactKey: Guid(42cb69fa236de3e47a3b6e181f9d0f96) Importer(815301076,1909f56bfc062723c751e8b465ee728b)
Start importing Assets/Texture/Cieling/Celing 1_Floor_mat_Normal.1001.png using Guid(42cb69fa236de3e47a3b6e181f9d0f96) Importer(815301076,1909f56bfc062723c751e8b465ee728b)  -> (artifact id: 'efab42c5ac85e3335f3ba67abcf5679e') in 0.025389 seconds
Number of updated asset objects reloaded before import = 0
Number of asset objects unloaded after import = 2
========================================================================
Received Import Request.
  Time since last request: 0.000066 seconds.
  path: Assets/Texture/Cieling/Celing 1_Tv_cab_mat_Normal.1001.png
  artifactKey: Guid(97c9b925caf67b74585ce1d6816b395c) Importer(815301076,1909f56bfc062723c751e8b465ee728b)
Start importing Assets/Texture/Cieling/Celing 1_Tv_cab_mat_Normal.1001.png using Guid(97c9b925caf67b74585ce1d6816b395c) Importer(815301076,1909f56bfc062723c751e8b465ee728b)  -> (artifact id: 'f965e0d5bc0d436712aeebe9b25de761') in 0.015751 seconds
Number of updated asset objects reloaded before import = 0
Number of asset objects unloaded after import = 2
========================================================================
Received Import Request.
  Time since last request: 0.000023 seconds.
  path: Assets/Texture/Cieling/Celing 1_SlopeMat_Normal.1001.png
  artifactKey: Guid(d2827c96b4ade5a44b8f57b8b63df9ee) Importer(815301076,1909f56bfc062723c751e8b465ee728b)
Start importing Assets/Texture/Cieling/Celing 1_SlopeMat_Normal.1001.png using Guid(d2827c96b4ade5a44b8f57b8b63df9ee) Importer(815301076,1909f56bfc062723c751e8b465ee728b)  -> (artifact id: '7bdbe8a4a8dc843bf59ab94faf2712bd') in 0.022389 seconds
Number of updated asset objects reloaded before import = 0
Number of asset objects unloaded after import = 2
========================================================================
Received Import Request.
  Time since last request: 0.000029 seconds.
  path: Assets/Texture/Cieling/Celing 1_Tv_cab_mat_AlbedoTransparency.1001.png
  artifactKey: Guid(e0f44863a7616c049828d3ca050ca046) Importer(815301076,1909f56bfc062723c751e8b465ee728b)
Start importing Assets/Texture/Cieling/Celing 1_Tv_cab_mat_AlbedoTransparency.1001.png using Guid(e0f44863a7616c049828d3ca050ca046) Importer(815301076,1909f56bfc062723c751e8b465ee728b)  -> (artifact id: 'cadd762143d9da60e850aad76cf94231') in 0.017044 seconds
Number of updated asset objects reloaded before import = 0
Number of asset objects unloaded after import = 2
========================================================================
Received Import Request.
  Time since last request: 0.000085 seconds.
  path: Assets/Texture/Cieling/Celing 1_SideRack_mat_MetallicSmoothness.1001.png
  artifactKey: Guid(1a239edcab42a9041a60d1964fb9c9ee) Importer(815301076,1909f56bfc062723c751e8b465ee728b)
Start importing Assets/Texture/Cieling/Celing 1_SideRack_mat_MetallicSmoothness.1001.png using Guid(1a239edcab42a9041a60d1964fb9c9ee) Importer(815301076,1909f56bfc062723c751e8b465ee728b)  -> (artifact id: '5945ddf763bfe03d082ee072fac6bf6c') in 0.016279 seconds
Number of updated asset objects reloaded before import = 0
Number of asset objects unloaded after import = 2
========================================================================
Received Import Request.
  Time since last request: 0.000017 seconds.
  path: Assets/Texture/Cieling/Celing 1_RandomWall_mat_MetallicSmoothness.1001.png
  artifactKey: Guid(a22efb08f6fba4d45a3efa687afe2579) Importer(815301076,1909f56bfc062723c751e8b465ee728b)
Start importing Assets/Texture/Cieling/Celing 1_RandomWall_mat_MetallicSmoothness.1001.png using Guid(a22efb08f6fba4d45a3efa687afe2579) Importer(815301076,1909f56bfc062723c751e8b465ee728b)  -> (artifact id: '3e622f89df64d9d8d20bd9b6edca00e8') in 0.012944 seconds
Number of updated asset objects reloaded before import = 0
Number of asset objects unloaded after import = 2
========================================================================
Received Import Request.
  Time since last request: 0.000018 seconds.
  path: Assets/Texture/Cieling/Celing 1_Tv_cab_mat_MetallicSmoothness.1001.png
  artifactKey: Guid(153846d39f201df4994ad395791fae08) Importer(815301076,1909f56bfc062723c751e8b465ee728b)
Start importing Assets/Texture/Cieling/Celing 1_Tv_cab_mat_MetallicSmoothness.1001.png using Guid(153846d39f201df4994ad395791fae08) Importer(815301076,1909f56bfc062723c751e8b465ee728b)  -> (artifact id: 'feca3003c2f3bae7d206cb7cf755e560') in 0.017599 seconds
Number of updated asset objects reloaded before import = 0
Number of asset objects unloaded after import = 2
========================================================================
Received Import Request.
  Time since last request: 0.000020 seconds.
  path: Assets/Texture/Cieling/Celing 1_Toilet_mat_Normal.1001.png
  artifactKey: Guid(ae6a074a938a4ab44900bf7ae70f5c63) Importer(815301076,1909f56bfc062723c751e8b465ee728b)
Start importing Assets/Texture/Cieling/Celing 1_Toilet_mat_Normal.1001.png using Guid(ae6a074a938a4ab44900bf7ae70f5c63) Importer(815301076,1909f56bfc062723c751e8b465ee728b)  -> (artifact id: '005c971703ec1417963b7869d6b59545') in 0.019151 seconds
Number of updated asset objects reloaded before import = 0
Number of asset objects unloaded after import = 2
========================================================================
Received Import Request.
  Time since last request: 0.000022 seconds.
  path: Assets/Texture/Cieling/Celing 1_Table_01_mat_MetallicSmoothness.1001.png
  artifactKey: Guid(0b80be4f5920e3a4d9310e4c2449ed0f) Importer(815301076,1909f56bfc062723c751e8b465ee728b)
Start importing Assets/Texture/Cieling/Celing 1_Table_01_mat_MetallicSmoothness.1001.png using Guid(0b80be4f5920e3a4d9310e4c2449ed0f) Importer(815301076,1909f56bfc062723c751e8b465ee728b)  -> (artifact id: '03fd692e2978737eea55c289c662ec4d') in 0.017498 seconds
Number of updated asset objects reloaded before import = 0
Number of asset objects unloaded after import = 2
========================================================================
Received Import Request.
  Time since last request: 0.000021 seconds.
  path: Assets/Texture/Cieling/Celing 1_Toilet_mat_MetallicSmoothness.1001.png
  artifactKey: Guid(20698021a85fc5b4589df1b744b7919e) Importer(815301076,1909f56bfc062723c751e8b465ee728b)
Start importing Assets/Texture/Cieling/Celing 1_Toilet_mat_MetallicSmoothness.1001.png using Guid(20698021a85fc5b4589df1b744b7919e) Importer(815301076,1909f56bfc062723c751e8b465ee728b)  -> (artifact id: '07a8ca24e3cbb005a3ac59b6d6c86763') in 0.018121 seconds
Number of updated asset objects reloaded before import = 0
Number of asset objects unloaded after import = 2
========================================================================
Received Import Request.
  Time since last request: 0.000022 seconds.
  path: Assets/Texture/Cieling/Celing 1_RandomWall_mat_AlbedoTransparency.1001.png
  artifactKey: Guid(df933ebb9c17b494e8c28aedf230a56a) Importer(815301076,1909f56bfc062723c751e8b465ee728b)
Start importing Assets/Texture/Cieling/Celing 1_RandomWall_mat_AlbedoTransparency.1001.png using Guid(df933ebb9c17b494e8c28aedf230a56a) Importer(815301076,1909f56bfc062723c751e8b465ee728b)  -> (artifact id: 'ac49dde00bd3d8a4c94491d0ae872c86') in 0.021521 seconds
Number of updated asset objects reloaded before import = 0
Number of asset objects unloaded after import = 2
========================================================================
Received Import Request.
  Time since last request: 0.000031 seconds.
  path: Assets/Texture/Cieling/Celing 1_PhotoFRameMat_MetallicSmoothness.1001.png
  artifactKey: Guid(1d2a5b2a148bb394e887559332df8f98) Importer(815301076,1909f56bfc062723c751e8b465ee728b)
Start importing Assets/Texture/Cieling/Celing 1_PhotoFRameMat_MetallicSmoothness.1001.png using Guid(1d2a5b2a148bb394e887559332df8f98) Importer(815301076,1909f56bfc062723c751e8b465ee728b)  -> (artifact id: 'be15d9fe16d76c31fc2beef3019f87ce') in 0.010588 seconds
Number of updated asset objects reloaded before import = 0
Number of asset objects unloaded after import = 2
========================================================================
Received Import Request.
  Time since last request: 0.000018 seconds.
  path: Assets/Texture/Cieling/Celing 1_RandomWall_mat_Normal.1001.png
  artifactKey: Guid(23cf2b1aaf30faf4a9fd45d6b6478161) Importer(815301076,1909f56bfc062723c751e8b465ee728b)
Start importing Assets/Texture/Cieling/Celing 1_RandomWall_mat_Normal.1001.png using Guid(23cf2b1aaf30faf4a9fd45d6b6478161) Importer(815301076,1909f56bfc062723c751e8b465ee728b)  -> (artifact id: '5aac66de696082030fd1f7ba8a2e3604') in 0.017463 seconds
Number of updated asset objects reloaded before import = 0
Number of asset objects unloaded after import = 2
========================================================================
Received Import Request.
  Time since last request: 0.000027 seconds.
  path: Assets/Texture/Cieling/Celing 1_SlopeMat_MetallicSmoothness.1001.png
  artifactKey: Guid(498893f3ab65c2a4bb599a7e88aed459) Importer(815301076,1909f56bfc062723c751e8b465ee728b)
Start importing Assets/Texture/Cieling/Celing 1_SlopeMat_MetallicSmoothness.1001.png using Guid(498893f3ab65c2a4bb599a7e88aed459) Importer(815301076,1909f56bfc062723c751e8b465ee728b)  -> (artifact id: '7b818e7b1034db34417103410c981cff') in 0.010262 seconds
Number of updated asset objects reloaded before import = 0
Number of asset objects unloaded after import = 2
========================================================================
Received Import Request.
  Time since last request: 0.000015 seconds.
  path: Assets/Texture/Cieling/Celing 1_Table_01_mat_Normal.1001.png
  artifactKey: Guid(44095f7e4b25ab344960e0716bd74ea1) Importer(815301076,1909f56bfc062723c751e8b465ee728b)
Start importing Assets/Texture/Cieling/Celing 1_Table_01_mat_Normal.1001.png using Guid(44095f7e4b25ab344960e0716bd74ea1) Importer(815301076,1909f56bfc062723c751e8b465ee728b)  -> (artifact id: '64975cc589d306fe6cb3baa035de808e') in 0.018033 seconds
Number of updated asset objects reloaded before import = 0
Number of asset objects unloaded after import = 2
========================================================================
Received Import Request.
  Time since last request: 0.000051 seconds.
  path: Assets/Texture/Cieling/Celing 1_Walls_MetallicSmoothness.1001.png
  artifactKey: Guid(d695668e55069ee4ca9af0ab7b58435d) Importer(815301076,1909f56bfc062723c751e8b465ee728b)
Start importing Assets/Texture/Cieling/Celing 1_Walls_MetallicSmoothness.1001.png using Guid(d695668e55069ee4ca9af0ab7b58435d) Importer(815301076,1909f56bfc062723c751e8b465ee728b)  -> (artifact id: 'b260d7ca6485a419bcc3027665cb188e') in 0.010620 seconds
Number of updated asset objects reloaded before import = 0
Number of asset objects unloaded after import = 2
========================================================================
Received Import Request.
  Time since last request: 0.182957 seconds.
  path: Assets/Texture/Cieling/Celing 1_Bed_mat_MetallicSmoothness.1001.png
  artifactKey: Guid(8a92934d23d3b14428a9242982618fbd) Importer(815301076,1909f56bfc062723c751e8b465ee728b)
Start importing Assets/Texture/Cieling/Celing 1_Bed_mat_MetallicSmoothness.1001.png using Guid(8a92934d23d3b14428a9242982618fbd) Importer(815301076,1909f56bfc062723c751e8b465ee728b)  -> (artifact id: '4012db93d829d840a68555de9b63dd4e') in 0.012819 seconds
Number of updated asset objects reloaded before import = 0
Number of asset objects unloaded after import = 2
========================================================================
Received Import Request.
  Time since last request: 0.000072 seconds.
  path: Assets/Texture/Cieling/Celing 1_Carpet_mat_MetallicSmoothness.1001.png
  artifactKey: Guid(337083d0a7a70a147bd6a227cb29061f) Importer(815301076,1909f56bfc062723c751e8b465ee728b)
Start importing Assets/Texture/Cieling/Celing 1_Carpet_mat_MetallicSmoothness.1001.png using Guid(337083d0a7a70a147bd6a227cb29061f) Importer(815301076,1909f56bfc062723c751e8b465ee728b)  -> (artifact id: 'e8d60faf400966d2894cbecac4b02bde') in 0.012875 seconds
Number of updated asset objects reloaded before import = 0
Number of asset objects unloaded after import = 2
========================================================================
Received Import Request.
  Time since last request: 0.000022 seconds.
  path: Assets/Texture/Cieling/Celing 1_Carpet_mat_AlbedoTransparency.1001.png
  artifactKey: Guid(3106489c710a5a0479a666b110bd9cfd) Importer(815301076,1909f56bfc062723c751e8b465ee728b)
Start importing Assets/Texture/Cieling/Celing 1_Carpet_mat_AlbedoTransparency.1001.png using Guid(3106489c710a5a0479a666b110bd9cfd) Importer(815301076,1909f56bfc062723c751e8b465ee728b)  -> (artifact id: '674a3f13d3a8e5699eb78bc0bde2e4f6') in 0.016595 seconds
Number of updated asset objects reloaded before import = 0
Number of asset objects unloaded after import = 2
========================================================================
Received Import Request.
  Time since last request: 0.000022 seconds.
  path: Assets/Texture/Cieling/Celing 1_Cupboard_AlbedoTransparency.1001.png
  artifactKey: Guid(125965e20cf93d6499f356c897c69f1d) Importer(815301076,1909f56bfc062723c751e8b465ee728b)
Start importing Assets/Texture/Cieling/Celing 1_Cupboard_AlbedoTransparency.1001.png using Guid(125965e20cf93d6499f356c897c69f1d) Importer(815301076,1909f56bfc062723c751e8b465ee728b)  -> (artifact id: '0cae92dc6c7dcfd2be05fb5e5bdd73e9') in 0.016414 seconds
Number of updated asset objects reloaded before import = 0
Number of asset objects unloaded after import = 2
========================================================================
Received Import Request.
  Time since last request: 13.692704 seconds.
  path: Assets/Texture/Cieling/Celing 1_Floor_mat_Normal.1001.png
  artifactKey: Guid(42cb69fa236de3e47a3b6e181f9d0f96) Importer(815301076,1909f56bfc062723c751e8b465ee728b)
Start importing Assets/Texture/Cieling/Celing 1_Floor_mat_Normal.1001.png using Guid(42cb69fa236de3e47a3b6e181f9d0f96) Importer(815301076,1909f56bfc062723c751e8b465ee728b)  -> (artifact id: '48e55b19de2a5bcdab557869de307f48') in 0.047973 seconds
Number of updated asset objects reloaded before import = 0
Number of asset objects unloaded after import = 2
========================================================================
Received Import Request.
  Time since last request: 0.000029 seconds.
  path: Assets/Texture/Cieling/Celing 1_SlopeMat_Normal.1001.png
  artifactKey: Guid(d2827c96b4ade5a44b8f57b8b63df9ee) Importer(815301076,1909f56bfc062723c751e8b465ee728b)
Start importing Assets/Texture/Cieling/Celing 1_SlopeMat_Normal.1001.png using Guid(d2827c96b4ade5a44b8f57b8b63df9ee) Importer(815301076,1909f56bfc062723c751e8b465ee728b)  -> (artifact id: '67f7c48954d33a5598a000aca20fee45') in 0.119329 seconds
Number of updated asset objects reloaded before import = 0
Number of asset objects unloaded after import = 2
Editor requested this worker to shutdown with reason: Scaling down because of idle timeout
TcpMessagingSession - receive error: operation aborted. errorcode: 995, details: The I/O operation has been aborted because of either a thread exit or an application request.
AssetImportWorker is now disconnected from the server
Process exiting
Exiting without the bug reporter. Application will terminate with return code 0